#
# A fatal error has been detected by the Java Runtime Environment:
#
#  SIGSEGV (0xb) at pc=0x00000001279e53fd, pid=17159, tid=1299
#
# JRE version: Java(TM) SE Runtime Environment (8.0_20-b26) (build 1.8.0_20-b26)
# Java VM: Java HotSpot(TM) 64-Bit Server VM (25.20-b23 mixed mode bsd-amd64 compressed oops)
# Problematic frame:
# C  [libglass.dylib+0x163fd]  GlassScreenDidChangeScreenParameters+0x9d
#
# Failed to write core dump. Core dumps have been disabled. To enable core dumping, try "ulimit -c unlimited" before starting Java again
#
# If you would like to submit a bug report, please visit:
#   http://bugreport.sun.com/bugreport/crash.jsp
#

---------------  T H R E A D  ---------------

Current thread is native thread

siginfo: si_signo: 11 (SIGSEGV), si_code: 1 (SEGV_MAPERR), si_addr: 0x0000000000000000

Registers:
RAX=0x0000000127a17e40, RBX=0x0000000000000000, RCX=0x2c00897518f97456, RDX=0x00007fda7bc25f70
RSP=0x00007fff4ff128e0, RBP=0x00007fff4ff128f0, RSI=0x00007fda79704730, RDI=0x0000000000000000
R8 =0x00007fff4ff12790, R9 =0x00007fff73335300, R10=0x0000000000000000, R11=0x0000000000000246
R12=0x00007fda79708e70, R13=0x00000000000f426b, R14=0x00007fda796a80d0, R15=0x00007fff4ff12a30
RIP=0x00000001279e53fd, EFLAGS=0x0000000000010202, ERR=0x0000000000000004
  TRAPNO=0x000000000000000e

Top of Stack: (sp=0x00007fff4ff128e0)
0x00007fff4ff128e0:   00007fff4ff12ac0 00007fda796a80d0
0x00007fff4ff128f0:   00007fff4ff12900 00007fff88135cbc
0x00007fff4ff12900:   00007fff4ff12c60 00007fff880271b4
0x00007fff4ff12910:   00007fda7f930000 0000000000001e00
0x00007fff4ff12920:   000000010fd04000 00007fda797fc080
0x00007fff4ff12930:   0000000000001003 0000000000001008
0x00007fff4ff12940:   0000000000000004 00007fda796a80d0
0x00007fff4ff12950:   0000000000000000 00007fff4ff12a30
0x00007fff4ff12960:   0000000000000000 00007fda796a8090
0x00007fff4ff12970:   00007fff4ff12ab0 00000000000000ab
0x00007fff4ff12980:   00000000000f43d4 00007fda794b9210
0x00007fff4ff12990:   00007fda7957c220 00007fda79708e70
0x00007fff4ff129a0:   0000000000000001 00000000000f426b
0x00007fff4ff129b0:   00007fda79708e60 00007fff88f55acb
0x00007fff4ff129c0:   0000000000000001 0000000000000001
0x00007fff4ff129d0:   0000000000000030 0000000000000001
0x00007fff4ff129e0:   00007fff4ff12a00 00007fff88f5b231
0x00007fff4ff129f0:   00007fff73559dd0 0000000000000000
0x00007fff4ff12a00:   00007fff4ff12a20 0000000000000010
0x00007fff4ff12a10:   000a460300000000 00007fda79708e94
0x00007fff4ff12a20:   0000000000000000 00007fff8801cc8f
0x00007fff4ff12a30:   00007fda796a80d0 00007fff73559dd0
0x00007fff4ff12a40:   00007fff4ff12ac0 00007fff880257bf
0x00007fff4ff12a50:   0000000000000000 00007fda797e4490
0x00007fff4ff12a60:   000000010fd07a00 0000000000000002
0x00007fff4ff12a70:   000000010fd04000 00007fda794aaad2
0x00007fff4ff12a80:   0000000000000003 000000010fd09800
0x00007fff4ff12a90:   00007fff4ff12b80 00007fff88f542a2
0x00007fff4ff12aa0:   00007fda7957bd90 00007fff4ff12c68
0x00007fff4ff12ab0:   0000000000000019 0000000000000000
0x00007fff4ff12ac0:   00000000000f426b 00007fff8801cf83
0x00007fff4ff12ad0:   00007fff00000000 00007fda79665860 

Instructions: (pc=0x00000001279e53fd)
0x00000001279e53dd:   89 df 4c 89 f1 41 ff 90 68 04 00 00 48 8d 05 58
0x00000001279e53ed:   29 03 00 48 8b 30 48 8d 05 46 2a 03 00 48 8b 10
0x00000001279e53fd:   48 8b 0b 30 c0 48 89 df ff 91 68 04 00 00 48 8b
0x00000001279e540d:   03 48 89 df ff 50 78 48 85 c0 74 36 49 89 c6 48 

Register to memory mapping:

RAX=0x0000000127a17e40: jScreenNotifySettingsChanged+0 in /Library/Java/JavaVirtualMachines/jdk1.8.0_20.jdk/Contents/Home/jre/lib/libglass.dylib at 0x00000001279cf000
RBX=0x0000000000000000 is an unknown value
RCX=0x2c00897518f97456 is an unknown value
RDX=0x00007fda7bc25f70 is an unknown value
RSP=0x00007fff4ff128e0 is an unknown value
RBP=0x00007fff4ff128f0 is an unknown value
RSI=0x00007fda79704730 is a global jni handle
RDI=0x0000000000000000 is an unknown value
R8 =0x00007fff4ff12790 is an unknown value
R9 =0x00007fff73335300: _thread+0 in /usr/lib/system/libsystem_pthread.dylib at 0x00007fff87277000
R10=0x0000000000000000 is an unknown value
R11=0x0000000000000246 is an unknown value
R12=0x00007fda79708e70 is an unknown value
R13=0x00000000000f426b is an unknown value
R14=0x00007fda796a80d0 is an unknown value
R15=0x00007fff4ff12a30 is an unknown value


Stack: [0x00007fff4f716000,0x00007fff4ff16000],  sp=0x00007fff4ff128e0,  free space=8178k
Native frames: (J=compiled Java code, j=interpreted, Vv=VM code, C=native code)
C  [libglass.dylib+0x163fd]  GlassScreenDidChangeScreenParameters+0x9d
C  [CoreFoundation+0x11ecbc]  __CFNOTIFICATIONCENTER_IS_CALLING_OUT_TO_AN_OBSERVER__+0xc
C  [CoreFoundation+0x101b4]  _CFXNotificationPost+0xc44
C  [Foundation+0x2ea1]  -[NSNotificationCenter postNotificationName:object:userInfo:]+0x42
C  [AppKit+0x362dee]  -[NSApplication _reactToScreenInvalidationImmediately:]+0x17b
C  [AppKit+0x362c2d]  __44-[NSApplication _reactToScreenInvalidation:]_block_invoke+0x4b
C  [CoreFoundation+0x8054c]  __CFRUNLOOP_IS_CALLING_OUT_TO_A_BLOCK__+0xc
C  [CoreFoundation+0x72655]  __CFRunLoopDoBlocks+0x155
C  [CoreFoundation+0x72196]  __CFRunLoopRun+0x716
C  [CoreFoundation+0x71838]  CFRunLoopRunSpecific+0x128
C  [java+0x56cc]  CreateExecutionEnvironment+0x367
C  [java+0x165c]  JLI_Launch+0x7a0
C  [java+0x768a]  main+0x65
C  [java+0xeb4]  start+0x34


---------------  P R O C E S S  ---------------

VM state:at safepoint (normal execution)

VM Mutex/Monitor currently owned by a thread:  ([mutex/lock_event])
[0x00007fda7951a200] Threads_lock - owner thread: 0x00007fda7b01a000
[0x00007fda7951a700] Heap_lock - owner thread: 0x00007fda7a800800

Heap:
 PSYoungGen      total 79360K, used 3947K [0x00000007aab00000, 0x00000007b0800000, 0x00000007c0000000)
  eden space 65536K, 6% used [0x00000007aab00000,0x00000007aaedae50,0x00000007aeb00000)
  from space 13824K, 0% used [0x00000007afa80000,0x00000007afa80000,0x00000007b0800000)
  to   space 14848K, 0% used [0x00000007aeb00000,0x00000007aeb00000,0x00000007af980000)
 ParOldGen       total 64512K, used 27764K [0x0000000780000000, 0x0000000783f00000, 0x00000007aab00000)
  object space 64512K, 43% used [0x0000000780000000,0x0000000781b1d3a0,0x0000000783f00000)
 Metaspace       used 20147K, capacity 21538K, committed 21632K, reserved 1067008K
  class space    used 2939K, capacity 3162K, committed 3200K, reserved 1048576K

Card table byte_map: [0x0000000120ac3000,0x0000000120cc4000] byte_map_base: 0x000000011cec3000

Marking Bits: (ParMarkBitMap*) 0x0000000110684330
 Begin Bits: [0x0000000121226000, 0x0000000122226000)
 End Bits:   [0x0000000122226000, 0x0000000123226000)

Polling page: 0x0000000110d5c000

CodeCache: size=245760Kb used=11738Kb max_used=11739Kb free=234022Kb
 bounds [0x0000000111703000, 0x0000000112283000, 0x0000000120703000]
 total_blobs=4300 nmethods=3651 adapters=561
 compilation: enabled

Compilation events (10 events):
Event: 253.408 Thread 0x00007fda7a00f000 3651       3       javafx.scene.Parent::minWidth (89 bytes)
Event: 253.408 Thread 0x00007fda7a00f000 nmethod 3651 0x0000000112277fd0 code [0x00000001122781a0, 0x0000000112278878]
Event: 253.408 Thread 0x00007fda7a00f000 3652       3       javafx.scene.layout.Region::layoutInArea (230 bytes)
Event: 253.412 Thread 0x00007fda7a00f000 nmethod 3652 0x000000011227bb90 code [0x000000011227bf20, 0x000000011227d958]
Event: 253.425 Thread 0x00007fda7a00f000 3653       3       com.sun.prism.impl.BaseGraphics::setClipRect (44 bytes)
Event: 253.426 Thread 0x00007fda7a00f000 nmethod 3653 0x0000000112277090 code [0x0000000112277260, 0x0000000112277c28]
Event: 253.458 Thread 0x00007fda7a00f000 3654       3       java.lang.invoke.MethodHandles$Lookup::getDirectMethodCommon (267 bytes)
Event: 253.458 Thread 0x00007fda7a008800 3655       4       java.util.Collections$UnmodifiableCollection::<init> (22 bytes)
Event: 253.460 Thread 0x00007fda7a008800 nmethod 3655 0x00000001122527d0 code [0x0000000112252920, 0x00000001122529b8]
Event: 253.461 Thread 0x00007fda7a00f000 nmethod 3654 0x000000011227f250 code [0x000000011227f560, 0x0000000112280fb8]

GC Heap History (10 events):
Event: 2.573 GC heap before
{Heap before GC invocations=3 (full 0):
 PSYoungGen      total 18944K, used 18937K [0x00000007aab00000, 0x00000007ad000000, 0x00000007c0000000)
  eden space 16384K, 100% used [0x00000007aab00000,0x00000007abb00000,0x00000007abb00000)
  from space 2560K, 99% used [0x00000007abd80000,0x00000007abffe5e8,0x00000007ac000000)
  to   space 2560K, 0% used [0x00000007abb00000,0x00000007abb00000,0x00000007abd80000)
 ParOldGen       total 44032K, used 1878K [0x0000000780000000, 0x0000000782b00000, 0x00000007aab00000)
  object space 44032K, 4% used [0x0000000780000000,0x00000007801d5830,0x0000000782b00000)
 Metaspace       used 14367K, capacity 14846K, committed 15104K, reserved 1062912K
  class space    used 2097K, capacity 2228K, committed 2304K, reserved 1048576K
Event: 2.593 GC heap after
Heap after GC invocations=3 (full 0):
 PSYoungGen      total 18944K, used 2544K [0x00000007aab00000, 0x00000007ad000000, 0x00000007c0000000)
  eden space 16384K, 0% used [0x00000007aab00000,0x00000007aab00000,0x00000007abb00000)
  from space 2560K, 99% used [0x00000007abb00000,0x00000007abd7c058,0x00000007abd80000)
  to   space 2560K, 0% used [0x00000007acd80000,0x00000007acd80000,0x00000007ad000000)
 ParOldGen       total 44032K, used 14386K [0x0000000780000000, 0x0000000782b00000, 0x00000007aab00000)
  object space 44032K, 32% used [0x0000000780000000,0x0000000780e0c918,0x0000000782b00000)
 Metaspace       used 14367K, capacity 14846K, committed 15104K, reserved 1062912K
  class space    used 2097K, capacity 2228K, committed 2304K, reserved 1048576K
}
Event: 2.824 GC heap before
{Heap before GC invocations=4 (full 0):
 PSYoungGen      total 18944K, used 18928K [0x00000007aab00000, 0x00000007ad000000, 0x00000007c0000000)
  eden space 16384K, 100% used [0x00000007aab00000,0x00000007abb00000,0x00000007abb00000)
  from space 2560K, 99% used [0x00000007abb00000,0x00000007abd7c058,0x00000007abd80000)
  to   space 2560K, 0% used [0x00000007acd80000,0x00000007acd80000,0x00000007ad000000)
 ParOldGen       total 44032K, used 14386K [0x0000000780000000, 0x0000000782b00000, 0x00000007aab00000)
  object space 44032K, 32% used [0x0000000780000000,0x0000000780e0c918,0x0000000782b00000)
 Metaspace       used 15010K, capacity 15612K, committed 15744K, reserved 1062912K
  class space    used 2197K, capacity 2357K, committed 2432K, reserved 1048576K
Event: 2.832 GC heap after
Heap after GC invocations=4 (full 0):
 PSYoungGen      total 35328K, used 2544K [0x00000007aab00000, 0x00000007ad000000, 0x00000007c0000000)
  eden space 32768K, 0% used [0x00000007aab00000,0x00000007aab00000,0x00000007acb00000)
  from space 2560K, 99% used [0x00000007acd80000,0x00000007acffc078,0x00000007ad000000)
  to   space 2560K, 0% used [0x00000007acb00000,0x00000007acb00000,0x00000007acd80000)
 ParOldGen       total 44032K, used 14866K [0x0000000780000000, 0x0000000782b00000, 0x00000007aab00000)
  object space 44032K, 33% used [0x0000000780000000,0x0000000780e84948,0x0000000782b00000)
 Metaspace       used 15010K, capacity 15612K, committed 15744K, reserved 1062912K
  class space    used 2197K, capacity 2357K, committed 2432K, reserved 1048576K
}
Event: 4.644 GC heap before
{Heap before GC invocations=5 (full 0):
 PSYoungGen      total 35328K, used 35125K [0x00000007aab00000, 0x00000007ad000000, 0x00000007c0000000)
  eden space 32768K, 99% used [0x00000007aab00000,0x00000007acad1550,0x00000007acb00000)
  from space 2560K, 99% used [0x00000007acd80000,0x00000007acffc078,0x00000007ad000000)
  to   space 2560K, 0% used [0x00000007acb00000,0x00000007acb00000,0x00000007acd80000)
 ParOldGen       total 44032K, used 14866K [0x0000000780000000, 0x0000000782b00000, 0x00000007aab00000)
  object space 44032K, 33% used [0x0000000780000000,0x0000000780e84948,0x0000000782b00000)
 Metaspace       used 18993K, capacity 20274K, committed 20608K, reserved 1067008K
  class space    used 2848K, capacity 3086K, committed 3200K, reserved 1048576K
Event: 4.677 GC heap after
Heap after GC invocations=5 (full 0):
 PSYoungGen      total 35328K, used 2528K [0x00000007aab00000, 0x00000007b0a00000, 0x00000007c0000000)
  eden space 32768K, 0% used [0x00000007aab00000,0x00000007aab00000,0x00000007acb00000)
  from space 2560K, 98% used [0x00000007acb00000,0x00000007acd78068,0x00000007acd80000)
  to   space 15872K, 0% used [0x00000007afa80000,0x00000007afa80000,0x00000007b0a00000)
 ParOldGen       total 44032K, used 22371K [0x0000000780000000, 0x0000000782b00000, 0x00000007aab00000)
  object space 44032K, 50% used [0x0000000780000000,0x00000007815d8c88,0x0000000782b00000)
 Metaspace       used 18993K, capacity 20274K, committed 20608K, reserved 1067008K
  class space    used 2848K, capacity 3086K, committed 3200K, reserved 1048576K
}
Event: 11.025 GC heap before
{Heap before GC invocations=6 (full 0):
 PSYoungGen      total 35328K, used 20874K [0x00000007aab00000, 0x00000007b0a00000, 0x00000007c0000000)
  eden space 32768K, 55% used [0x00000007aab00000,0x00000007abcea840,0x00000007acb00000)
  from space 2560K, 98% used [0x00000007acb00000,0x00000007acd78068,0x00000007acd80000)
  to   space 15872K, 0% used [0x00000007afa80000,0x00000007afa80000,0x00000007b0a00000)
 ParOldGen       total 44032K, used 22371K [0x0000000780000000, 0x0000000782b00000, 0x00000007aab00000)
  object space 44032K, 50% used [0x0000000780000000,0x00000007815d8c88,0x0000000782b00000)
 Metaspace       used 19886K, capacity 21234K, committed 21296K, reserved 1067008K
  class space    used 2920K, capacity 3150K, committed 3200K, reserved 1048576K
Event: 11.047 GC heap after
Heap after GC invocations=6 (full 0):
 PSYoungGen      total 79360K, used 6608K [0x00000007aab00000, 0x00000007b0800000, 0x00000007c0000000)
  eden space 65536K, 0% used [0x00000007aab00000,0x00000007aab00000,0x00000007aeb00000)
  from space 13824K, 47% used [0x00000007afa80000,0x00000007b00f4088,0x00000007b0800000)
  to   space 14848K, 0% used [0x00000007aeb00000,0x00000007aeb00000,0x00000007af980000)
 ParOldGen       total 44032K, used 22379K [0x0000000780000000, 0x0000000782b00000, 0x00000007aab00000)
  object space 44032K, 50% used [0x0000000780000000,0x00000007815dac88,0x0000000782b00000)
 Metaspace       used 19886K, capacity 21234K, committed 21296K, reserved 1067008K
  class space    used 2920K, capacity 3150K, committed 3200K, reserved 1048576K
}
Event: 11.047 GC heap before
{Heap before GC invocations=7 (full 1):
 PSYoungGen      total 79360K, used 6608K [0x00000007aab00000, 0x00000007b0800000, 0x00000007c0000000)
  eden space 65536K, 0% used [0x00000007aab00000,0x00000007aab00000,0x00000007aeb00000)
  from space 13824K, 47% used [0x00000007afa80000,0x00000007b00f4088,0x00000007b0800000)
  to   space 14848K, 0% used [0x00000007aeb00000,0x00000007aeb00000,0x00000007af980000)
 ParOldGen       total 44032K, used 22379K [0x0000000780000000, 0x0000000782b00000, 0x00000007aab00000)
  object space 44032K, 50% used [0x0000000780000000,0x00000007815dac88,0x0000000782b00000)
 Metaspace       used 19886K, capacity 21234K, committed 21296K, reserved 1067008K
  class space    used 2920K, capacity 3150K, committed 3200K, reserved 1048576K
Event: 11.207 GC heap after
Heap after GC invocations=7 (full 1):
 PSYoungGen      total 79360K, used 0K [0x00000007aab00000, 0x00000007b0800000, 0x00000007c0000000)
  eden space 65536K, 0% used [0x00000007aab00000,0x00000007aab00000,0x00000007aeb00000)
  from space 13824K, 0% used [0x00000007afa80000,0x00000007afa80000,0x00000007b0800000)
  to   space 14848K, 0% used [0x00000007aeb00000,0x00000007aeb00000,0x00000007af980000)
 ParOldGen       total 64512K, used 27764K [0x0000000780000000, 0x0000000783f00000, 0x00000007aab00000)
  object space 64512K, 43% used [0x0000000780000000,0x0000000781b1d3a0,0x0000000783f00000)
 Metaspace       used 19885K, capacity 21232K, committed 21296K, reserved 1067008K
  class space    used 2919K, capacity 3149K, committed 3200K, reserved 1048576K
}

Deoptimization events (10 events):
Event: 7.765 Thread 0x00007fda7996f000 Uncommon trap: reason=null_check action=make_not_entrant pc=0x0000000111fb48f0 method=javafx.scene.CssStyleHelper.getCachedFont(Ljavafx/css/Styleable;)Lcom/sun/javafx/css/CalculatedValue; @ 1
Event: 7.867 Thread 0x00007fda79926000 Uncommon trap: reason=class_check action=maybe_recompile pc=0x0000000111e31f88 method=java.util.WeakHashMap.eq(Ljava/lang/Object;Ljava/lang/Object;)Z @ 7
Event: 9.576 Thread 0x00007fda7996f000 Uncommon trap: reason=unreached action=reinterpret pc=0x0000000112096168 method=javafx.scene.CssStyleHelper.transitionToState(Ljavafx/scene/Node;)V @ 544
Event: 9.756 Thread 0x00007fda7996f000 Uncommon trap: reason=class_check action=maybe_recompile pc=0x0000000111f44198 method=javafx.beans.property.StringPropertyBase.get()Ljava/lang/String; @ 23
Event: 9.761 Thread 0x00007fda7996f000 Uncommon trap: reason=class_check action=maybe_recompile pc=0x0000000111f44198 method=javafx.beans.property.StringPropertyBase.get()Ljava/lang/String; @ 23
Event: 9.761 Thread 0x00007fda7996f000 Uncommon trap: reason=class_check action=maybe_recompile pc=0x0000000111f44198 method=javafx.beans.property.StringPropertyBase.get()Ljava/lang/String; @ 23
Event: 9.762 Thread 0x00007fda7996f000 Uncommon trap: reason=class_check action=maybe_recompile pc=0x0000000111f44198 method=javafx.beans.property.StringPropertyBase.get()Ljava/lang/String; @ 23
Event: 11.443 Thread 0x00007fda7996f000 Uncommon trap: reason=null_check action=make_not_entrant pc=0x0000000112050a84 method=javafx.scene.Node$MiscProperties.getClip()Ljavafx/scene/Node; @ 20
Event: 11.443 Thread 0x00007fda7996f000 Uncommon trap: reason=null_check action=make_not_entrant pc=0x0000000111ed2a90 method=javafx.scene.Node$MiscProperties.getClip()Ljavafx/scene/Node; @ 20
Event: 12.509 Thread 0x00007fda7996f000 Uncommon trap: reason=null_check action=make_not_entrant pc=0x00000001121c88b0 method=javafx.scene.Node$MiscProperties.getClip()Ljavafx/scene/Node; @ 20

Internal exceptions (10 events):
Event: 9.702 Thread 0x00007fda7996f000 Exception <a 'java/security/PrivilegedActionException'> (0x00000007ab81b100) thrown at [/HUDSON3/workspace/8-2-build-macosx-x86_64/jdk8u20/1074/hotspot/src/share/vm/prims/jvm.cpp, line 1275]
Event: 9.702 Thread 0x00007fda7996f000 Exception <a 'java/security/PrivilegedActionException'> (0x00000007ab81c828) thrown at [/HUDSON3/workspace/8-2-build-macosx-x86_64/jdk8u20/1074/hotspot/src/share/vm/prims/jvm.cpp, line 1275]
Event: 9.702 Thread 0x00007fda7996f000 Exception <a 'java/security/PrivilegedActionException'> (0x00000007ab81eb30) thrown at [/HUDSON3/workspace/8-2-build-macosx-x86_64/jdk8u20/1074/hotspot/src/share/vm/prims/jvm.cpp, line 1275]
Event: 9.708 Thread 0x00007fda7996f000 Exception <a 'java/security/PrivilegedActionException'> (0x00000007ab86ca30) thrown at [/HUDSON3/workspace/8-2-build-macosx-x86_64/jdk8u20/1074/hotspot/src/share/vm/prims/jvm.cpp, line 1275]
Event: 9.709 Thread 0x00007fda7996f000 Exception <a 'java/security/PrivilegedActionException'> (0x00000007ab87fc78) thrown at [/HUDSON3/workspace/8-2-build-macosx-x86_64/jdk8u20/1074/hotspot/src/share/vm/prims/jvm.cpp, line 1275]
Event: 9.709 Thread 0x00007fda7996f000 Exception <a 'java/security/PrivilegedActionException'> (0x00000007ab89b6b8) thrown at [/HUDSON3/workspace/8-2-build-macosx-x86_64/jdk8u20/1074/hotspot/src/share/vm/prims/jvm.cpp, line 1275]
Event: 11.443 Thread 0x00007fda7996f000 Implicit null exception at 0x000000011204f79e to 0x0000000112050a65
Event: 11.443 Thread 0x00007fda7996f000 Implicit null exception at 0x0000000111ed2a48 to 0x0000000111ed2a86
Event: 12.482 Thread 0x00007fda7996f000 Exception <a 'java/lang/reflect/InvocationTargetException'> (0x00000007aac1de50) thrown at [/HUDSON3/workspace/8-2-build-macosx-x86_64/jdk8u20/1074/hotspot/src/share/vm/runtime/reflection.cpp, line 1079]
Event: 12.509 Thread 0x00007fda7996f000 Implicit null exception at 0x00000001121c812e to 0x00000001121c8895

Events (10 events):
Event: 253.468 Thread 0x00007fda79926000 Thread exited: 0x00007fda79926000
Event: 253.470 Thread 0x00007fda7b030800 Thread exited: 0x00007fda7b030800
Event: 253.470 Thread 0x00007fda7a800800 Thread exited: 0x00007fda7a800800
Event: 253.470 Thread 0x00007fda7a800800 Thread added: 0x00007fda7a800800
Event: 253.476 loading class java/util/IdentityHashMap$KeyIterator
Event: 253.477 loading class java/util/IdentityHashMap$IdentityHashMapIterator
Event: 253.477 loading class java/util/IdentityHashMap$IdentityHashMapIterator done
Event: 253.477 loading class java/util/IdentityHashMap$KeyIterator done
Event: 253.478 Thread 0x00007fda7a800800 Thread exited: 0x00007fda7a800800
Event: 253.478 Thread 0x00007fda7996f000 Thread exited: 0x00007fda7996f000


Dynamic libraries:
0x0000000002943000 	/System/Library/Frameworks/Cocoa.framework/Versions/A/Cocoa
0x0000000002943000 	/System/Library/Frameworks/Security.framework/Versions/A/Security
0x0000000002943000 	/System/Library/Frameworks/ApplicationServices.framework/Versions/A/ApplicationServices
0x0000000002943000 	/usr/lib/libz.1.dylib
0x0000000002943000 	/usr/lib/libSystem.B.dylib
0x0000000002943000 	/usr/lib/libobjc.A.dylib
0x0000000002943000 	/System/Library/Frameworks/CoreFoundation.framework/Versions/A/CoreFoundation
0x0000000002943000 	/System/Library/Frameworks/Foundation.framework/Versions/C/Foundation
0x0000000002943000 	/System/Library/Frameworks/AppKit.framework/Versions/C/AppKit
0x0000000002943000 	/System/Library/Frameworks/CoreData.framework/Versions/A/CoreData
0x0000000002943000 	/System/Library/PrivateFrameworks/RemoteViewServices.framework/Versions/A/RemoteViewServices
0x0000000002943000 	/System/Library/PrivateFrameworks/UIFoundation.framework/Versions/A/UIFoundation
0x0000000002943000 	/System/Library/Frameworks/IOSurface.framework/Versions/A/IOSurface
0x0000000002943000 	/System/Library/Frameworks/AudioToolbox.framework/Versions/A/AudioToolbox
0x0000000002943000 	/System/Library/Frameworks/AudioUnit.framework/Versions/A/AudioUnit
0x0000000002943000 	/System/Library/PrivateFrameworks/DataDetectorsCore.framework/Versions/A/DataDetectorsCore
0x0000000002943000 	/System/Library/PrivateFrameworks/DesktopServicesPriv.framework/Versions/A/DesktopServicesPriv
0x0000000002943000 	/System/Library/Frameworks/Carbon.framework/Versions/A/Frameworks/HIToolbox.framework/Versions/A/HIToolbox
0x0000000002943000 	/System/Library/Frameworks/QuartzCore.framework/Versions/A/QuartzCore
0x0000000002943000 	/System/Library/Frameworks/Carbon.framework/Versions/A/Frameworks/SpeechRecognition.framework/Versions/A/SpeechRecognition
0x0000000002943000 	/usr/lib/libauto.dylib
0x0000000002943000 	/usr/lib/libicucore.A.dylib
0x0000000002943000 	/usr/lib/libxml2.2.dylib
0x0000000002943000 	/System/Library/PrivateFrameworks/CoreUI.framework/Versions/A/CoreUI
0x0000000002943000 	/System/Library/Frameworks/CoreAudio.framework/Versions/A/CoreAudio
0x0000000002943000 	/System/Library/Frameworks/DiskArbitration.framework/Versions/A/DiskArbitration
0x0000000002943000 	/usr/lib/liblangid.dylib
0x0000000002943000 	/System/Library/PrivateFrameworks/MultitouchSupport.framework/Versions/A/MultitouchSupport
0x0000000002943000 	/System/Library/Frameworks/IOKit.framework/Versions/A/IOKit
0x0000000002943000 	/usr/lib/libDiagnosticMessagesClient.dylib
0x0000000002943000 	/System/Library/Frameworks/CoreServices.framework/Versions/A/CoreServices
0x0000000002943000 	/System/Library/PrivateFrameworks/PerformanceAnalysis.framework/Versions/A/PerformanceAnalysis
0x0000000002943000 	/System/Library/PrivateFrameworks/GenerationalStorage.framework/Versions/A/GenerationalStorage
0x0000000002943000 	/System/Library/Frameworks/OpenGL.framework/Versions/A/OpenGL
0x0000000002943000 	/System/Library/PrivateFrameworks/Sharing.framework/Versions/A/Sharing
0x0000000002943000 	/System/Library/Frameworks/CoreGraphics.framework/Versions/A/CoreGraphics
0x0000000002943000 	/System/Library/Frameworks/CoreText.framework/Versions/A/CoreText
0x0000000002943000 	/System/Library/Frameworks/ImageIO.framework/Versions/A/ImageIO
0x0000000002943000 	/usr/lib/libextension.dylib
0x0000000002943000 	/System/Library/PrivateFrameworks/Backup.framework/Versions/A/Backup
0x0000000002943000 	/usr/lib/libarchive.2.dylib
0x0000000002943000 	/System/Library/Frameworks/CFNetwork.framework/Versions/A/CFNetwork
0x0000000002943000 	/System/Library/Frameworks/SystemConfiguration.framework/Versions/A/SystemConfiguration
0x0000000002943000 	/usr/lib/libCRFSuite.dylib
0x0000000002943000 	/usr/lib/libc++.1.dylib
0x0000000002943000 	/usr/lib/libc++abi.dylib
0x0000000002943000 	/usr/lib/system/libcache.dylib
0x0000000002943000 	/usr/lib/system/libcommonCrypto.dylib
0x0000000002943000 	/usr/lib/system/libcompiler_rt.dylib
0x0000000002943000 	/usr/lib/system/libcopyfile.dylib
0x0000000002943000 	/usr/lib/system/libcorecrypto.dylib
0x0000000002943000 	/usr/lib/system/libdispatch.dylib
0x0000000002943000 	/usr/lib/system/libdyld.dylib
0x0000000002943000 	/usr/lib/system/libkeymgr.dylib
0x0000000002943000 	/usr/lib/system/liblaunch.dylib
0x0000000002943000 	/usr/lib/system/libmacho.dylib
0x0000000002943000 	/usr/lib/system/libquarantine.dylib
0x0000000002943000 	/usr/lib/system/libremovefile.dylib
0x0000000002943000 	/usr/lib/system/libsystem_asl.dylib
0x0000000002943000 	/usr/lib/system/libsystem_blocks.dylib
0x0000000002943000 	/usr/lib/system/libsystem_c.dylib
0x0000000002943000 	/usr/lib/system/libsystem_configuration.dylib
0x0000000002943000 	/usr/lib/system/libsystem_coreservices.dylib
0x0000000002943000 	/usr/lib/system/libsystem_coretls.dylib
0x0000000002943000 	/usr/lib/system/libsystem_dnssd.dylib
0x0000000002943000 	/usr/lib/system/libsystem_info.dylib
0x0000000002943000 	/usr/lib/system/libsystem_kernel.dylib
0x0000000002943000 	/usr/lib/system/libsystem_m.dylib
0x0000000002943000 	/usr/lib/system/libsystem_malloc.dylib
0x0000000002943000 	/usr/lib/system/libsystem_network.dylib
0x0000000002943000 	/usr/lib/system/libsystem_networkextension.dylib
0x0000000002943000 	/usr/lib/system/libsystem_notify.dylib
0x0000000002943000 	/usr/lib/system/libsystem_platform.dylib
0x0000000002943000 	/usr/lib/system/libsystem_pthread.dylib
0x0000000002943000 	/usr/lib/system/libsystem_sandbox.dylib
0x0000000002943000 	/usr/lib/system/libsystem_secinit.dylib
0x0000000002943000 	/usr/lib/system/libsystem_stats.dylib
0x0000000002943000 	/usr/lib/system/libsystem_trace.dylib
0x0000000002943000 	/usr/lib/system/libunc.dylib
0x0000000002943000 	/usr/lib/system/libunwind.dylib
0x0000000002943000 	/usr/lib/system/libxpc.dylib
0x0000000002943000 	/usr/lib/libbz2.1.0.dylib
0x0000000002943000 	/usr/lib/liblzma.5.dylib
0x0000000002943000 	/usr/lib/libbsm.0.dylib
0x0000000002943000 	/usr/lib/libsqlite3.dylib
0x0000000002943000 	/usr/lib/system/libkxld.dylib
0x0000000002943000 	/usr/lib/libxar.1.dylib
0x0000000002943000 	/usr/lib/libpam.2.dylib
0x0000000002943000 	/usr/lib/libOpenScriptingUtil.dylib
0x0000000002943000 	/System/Library/Frameworks/CoreServices.framework/Versions/A/Frameworks/FSEvents.framework/Versions/A/FSEvents
0x0000000002943000 	/System/Library/Frameworks/CoreServices.framework/Versions/A/Frameworks/CarbonCore.framework/Versions/A/CarbonCore
0x0000000002943000 	/System/Library/Frameworks/CoreServices.framework/Versions/A/Frameworks/Metadata.framework/Versions/A/Metadata
0x0000000002943000 	/System/Library/Frameworks/CoreServices.framework/Versions/A/Frameworks/OSServices.framework/Versions/A/OSServices
0x0000000002943000 	/System/Library/Frameworks/CoreServices.framework/Versions/A/Frameworks/SearchKit.framework/Versions/A/SearchKit
0x0000000002943000 	/System/Library/Frameworks/CoreServices.framework/Versions/A/Frameworks/AE.framework/Versions/A/AE
0x0000000002943000 	/System/Library/Frameworks/CoreServices.framework/Versions/A/Frameworks/LaunchServices.framework/Versions/A/LaunchServices
0x0000000002943000 	/System/Library/Frameworks/CoreServices.framework/Versions/A/Frameworks/DictionaryServices.framework/Versions/A/DictionaryServices
0x0000000002943000 	/System/Library/Frameworks/NetFS.framework/Versions/A/NetFS
0x0000000002943000 	/System/Library/PrivateFrameworks/NetAuth.framework/Versions/A/NetAuth
0x0000000002943000 	/System/Library/PrivateFrameworks/login.framework/Versions/A/Frameworks/loginsupport.framework/Versions/A/loginsupport
0x0000000002943000 	/System/Library/PrivateFrameworks/TCC.framework/Versions/A/TCC
0x0000000002943000 	/usr/lib/libmecabra.dylib
0x0000000002943000 	/System/Library/PrivateFrameworks/LanguageModeling.framework/Versions/A/LanguageModeling
0x0000000002943000 	/usr/lib/libcmph.dylib
0x0000000002943000 	/usr/lib/libiconv.2.dylib
0x0000000002943000 	/System/Library/Frameworks/OpenDirectory.framework/Versions/A/Frameworks/CFOpenDirectory.framework/Versions/A/CFOpenDirectory
0x0000000002943000 	/System/Library/Frameworks/ServiceManagement.framework/Versions/A/ServiceManagement
0x0000000002943000 	/usr/lib/libxslt.1.dylib
0x0000000002943000 	/System/Library/Frameworks/Carbon.framework/Versions/A/Frameworks/Ink.framework/Versions/A/Ink
0x0000000002943000 	/System/Library/Frameworks/ApplicationServices.framework/Versions/A/Frameworks/ATS.framework/Versions/A/ATS
0x0000000002943000 	/System/Library/Frameworks/ApplicationServices.framework/Versions/A/Frameworks/ColorSync.framework/Versions/A/ColorSync
0x0000000002943000 	/System/Library/Frameworks/ApplicationServices.framework/Versions/A/Frameworks/HIServices.framework/Versions/A/HIServices
0x0000000002943000 	/System/Library/Frameworks/ApplicationServices.framework/Versions/A/Frameworks/LangAnalysis.framework/Versions/A/LangAnalysis
0x0000000002943000 	/System/Library/Frameworks/ApplicationServices.framework/Versions/A/Frameworks/PrintCore.framework/Versions/A/PrintCore
0x0000000002943000 	/System/Library/Frameworks/ApplicationServices.framework/Versions/A/Frameworks/QD.framework/Versions/A/QD
0x0000000002943000 	/System/Library/Frameworks/ApplicationServices.framework/Versions/A/Frameworks/SpeechSynthesis.framework/Versions/A/SpeechSynthesis
0x0000000002943000 	/System/Library/Frameworks/Accelerate.framework/Versions/A/Accelerate
0x0000000002943000 	/System/Library/Frameworks/Accelerate.framework/Versions/A/Frameworks/vImage.framework/Versions/A/vImage
0x0000000002943000 	/System/Library/Frameworks/Accelerate.framework/Versions/A/Frameworks/vecLib.framework/Versions/A/vecLib
0x0000000002943000 	/System/Library/Frameworks/Accelerate.framework/Versions/A/Frameworks/vecLib.framework/Versions/A/libvDSP.dylib
0x0000000002943000 	/System/Library/Frameworks/Accelerate.framework/Versions/A/Frameworks/vecLib.framework/Versions/A/libvMisc.dylib
0x0000000002943000 	/System/Library/Frameworks/Accelerate.framework/Versions/A/Frameworks/vecLib.framework/Versions/A/libLAPACK.dylib
0x0000000002943000 	/System/Library/Frameworks/Accelerate.framework/Versions/A/Frameworks/vecLib.framework/Versions/A/libBLAS.dylib
0x0000000002943000 	/System/Library/Frameworks/Accelerate.framework/Versions/A/Frameworks/vecLib.framework/Versions/A/libLinearAlgebra.dylib
0x0000000002943000 	/System/Library/Frameworks/ApplicationServices.framework/Versions/A/Frameworks/ATS.framework/Versions/A/Resources/libFontParser.dylib
0x0000000002943000 	/System/Library/Frameworks/ApplicationServices.framework/Versions/A/Frameworks/ATS.framework/Versions/A/Resources/libFontRegistry.dylib
0x0000000002943000 	/System/Library/PrivateFrameworks/AppleVPA.framework/Versions/A/AppleVPA
0x0000000002943000 	/System/Library/PrivateFrameworks/AppleJPEG.framework/Versions/A/AppleJPEG
0x0000000002943000 	/System/Library/Frameworks/ImageIO.framework/Versions/A/Resources/libJPEG.dylib
0x0000000002943000 	/System/Library/Frameworks/ImageIO.framework/Versions/A/Resources/libTIFF.dylib
0x0000000002943000 	/System/Library/Frameworks/ImageIO.framework/Versions/A/Resources/libPng.dylib
0x0000000002943000 	/System/Library/Frameworks/ImageIO.framework/Versions/A/Resources/libGIF.dylib
0x0000000002943000 	/System/Library/Frameworks/ImageIO.framework/Versions/A/Resources/libJP2.dylib
0x0000000002943000 	/System/Library/Frameworks/ImageIO.framework/Versions/A/Resources/libRadiance.dylib
0x0000000002943000 	/System/Library/Frameworks/CoreVideo.framework/Versions/A/CoreVideo
0x0000000002943000 	/System/Library/Frameworks/OpenGL.framework/Versions/A/Libraries/libGLU.dylib
0x0000000002943000 	/System/Library/Frameworks/OpenGL.framework/Versions/A/Libraries/libGFXShared.dylib
0x0000000002943000 	/System/Library/Frameworks/OpenGL.framework/Versions/A/Libraries/libGL.dylib
0x0000000002943000 	/System/Library/Frameworks/OpenGL.framework/Versions/A/Libraries/libGLImage.dylib
0x0000000002943000 	/System/Library/Frameworks/OpenGL.framework/Versions/A/Libraries/libCVMSPluginSupport.dylib
0x0000000002943000 	/System/Library/Frameworks/OpenGL.framework/Versions/A/Libraries/libCoreVMClient.dylib
0x0000000002943000 	/usr/lib/libcups.2.dylib
0x0000000002943000 	/System/Library/Frameworks/Kerberos.framework/Versions/A/Kerberos
0x0000000002943000 	/System/Library/Frameworks/GSS.framework/Versions/A/GSS
0x0000000002943000 	/usr/lib/libresolv.9.dylib
0x0000000002943000 	/System/Library/PrivateFrameworks/Heimdal.framework/Versions/A/Heimdal
0x0000000002943000 	/usr/lib/libheimdal-asn1.dylib
0x0000000002943000 	/System/Library/Frameworks/OpenDirectory.framework/Versions/A/OpenDirectory
0x0000000002943000 	/System/Library/PrivateFrameworks/CommonAuth.framework/Versions/A/CommonAuth
0x0000000002943000 	/System/Library/Frameworks/SecurityFoundation.framework/Versions/A/SecurityFoundation
0x0000000002943000 	/System/Library/Frameworks/QuartzCore.framework/Versions/A/Frameworks/CoreImage.framework/Versions/A/CoreImage
0x0000000002943000 	/System/Library/PrivateFrameworks/CrashReporterSupport.framework/Versions/A/CrashReporterSupport
0x0000000002943000 	/System/Library/Frameworks/OpenCL.framework/Versions/A/OpenCL
0x0000000002943000 	/System/Library/PrivateFrameworks/FaceCore.framework/Versions/A/FaceCore
0x0000000002943000 	/System/Library/PrivateFrameworks/Ubiquity.framework/Versions/A/Ubiquity
0x0000000002943000 	/System/Library/PrivateFrameworks/IconServices.framework/Versions/A/IconServices
0x0000000002943000 	/System/Library/PrivateFrameworks/ChunkingLibrary.framework/Versions/A/ChunkingLibrary
0x0000000002943000 	/System/Library/PrivateFrameworks/Apple80211.framework/Versions/A/Apple80211
0x0000000002943000 	/System/Library/Frameworks/CoreWLAN.framework/Versions/A/CoreWLAN
0x0000000002943000 	/System/Library/Frameworks/IOBluetooth.framework/Versions/A/IOBluetooth
0x0000000002943000 	/System/Library/PrivateFrameworks/CoreWiFi.framework/Versions/A/CoreWiFi
0x0000000002943000 	/System/Library/Frameworks/CoreBluetooth.framework/Versions/A/CoreBluetooth
0x0000000002943000 	/System/Library/PrivateFrameworks/DebugSymbols.framework/Versions/A/DebugSymbols
0x0000000002943000 	/System/Library/PrivateFrameworks/CoreSymbolication.framework/Versions/A/CoreSymbolication
0x0000000002943000 	/System/Library/PrivateFrameworks/Symbolication.framework/Versions/A/Symbolication
0x0000000002943000 	/System/Library/PrivateFrameworks/SpeechRecognitionCore.framework/Versions/A/SpeechRecognitionCore
0x000000010fde8000 	/Library/Java/JavaVirtualMachines/jdk1.8.0_20.jdk/Contents/Home/jre/lib/server/libjvm.dylib
0x0000000002943000 	/usr/lib/libstdc++.6.dylib
0x0000000110d1a000 	/Library/Java/JavaVirtualMachines/jdk1.8.0_20.jdk/Contents/Home/jre/lib/libverify.dylib
0x0000000110d28000 	/Library/Java/JavaVirtualMachines/jdk1.8.0_20.jdk/Contents/Home/jre/lib/libjava.dylib
0x0000000110d66000 	/Library/Java/JavaVirtualMachines/jdk1.8.0_20.jdk/Contents/Home/jre/lib/libzip.dylib
0x0000000125181000 	/System/Library/Frameworks/JavaVM.framework/Frameworks/JavaRuntimeSupport.framework/JavaRuntimeSupport
0x0000000125199000 	/System/Library/Frameworks/JavaVM.framework/Versions/A/Frameworks/JavaNativeFoundation.framework/Versions/A/JavaNativeFoundation
0x00000001251ae000 	/System/Library/Frameworks/JavaVM.framework/Versions/A/JavaVM
0x0000000002943000 	/System/Library/Frameworks/Carbon.framework/Versions/A/Carbon
0x00000001251bb000 	/System/Library/PrivateFrameworks/JavaLaunching.framework/Versions/A/JavaLaunching
0x0000000002943000 	/System/Library/Frameworks/Carbon.framework/Versions/A/Frameworks/CommonPanels.framework/Versions/A/CommonPanels
0x0000000002943000 	/System/Library/Frameworks/Carbon.framework/Versions/A/Frameworks/Help.framework/Versions/A/Help
0x0000000002943000 	/System/Library/Frameworks/Carbon.framework/Versions/A/Frameworks/ImageCapture.framework/Versions/A/ImageCapture
0x0000000002943000 	/System/Library/Frameworks/Carbon.framework/Versions/A/Frameworks/OpenScripting.framework/Versions/A/OpenScripting
0x0000000002943000 	/System/Library/Frameworks/Carbon.framework/Versions/A/Frameworks/Print.framework/Versions/A/Print
0x0000000002943000 	/System/Library/Frameworks/Carbon.framework/Versions/A/Frameworks/SecurityHI.framework/Versions/A/SecurityHI
0x000000012712b000 	/Applications/IntelliJ IDEA 13 CE.app/Contents/bin/libbreakgen64.jnilib
0x0000000127231000 	/Library/Java/JavaVirtualMachines/jdk1.8.0_20.jdk/Contents/Home/jre/lib/libnet.dylib
0x0000000127522000 	/Library/Java/JavaVirtualMachines/jdk1.8.0_20.jdk/Contents/Home/jre/lib/libprism_es2.dylib
0x0000000002943000 	/System/Library/Frameworks/OpenGL.framework/Versions/A/Resources/GLEngine.bundle/GLEngine
0x0000000002943000 	/System/Library/Frameworks/OpenGL.framework/Versions/A/Libraries/libGLProgrammability.dylib
0x0000000000000000 	/System/Library/Extensions/AppleIntelHD5000GraphicsGLDriver.bundle/Contents/MacOS/AppleIntelHD5000GraphicsGLDriver
0x0000000002943000 	/System/Library/PrivateFrameworks/IOAccelerator.framework/Versions/A/IOAccelerator
0x0000000002943000 	/System/Library/PrivateFrameworks/GPUSupport.framework/Versions/A/Libraries/libGPUSupportMercury.dylib
0x0000000002943000 	/System/Library/Frameworks/OpenGL.framework/Versions/A/Resources/GLRendererFloat.bundle/GLRendererFloat
0x0000000002943000 	/System/Library/Frameworks/OpenCL.framework/Versions/A/Libraries/libcldcpuengine.dylib
0x0000000002943000 	/System/Library/PrivateFrameworks/DiskImages.framework/Versions/A/DiskImages
0x0000000002943000 	/System/Library/Frameworks/DiscRecording.framework/Versions/A/DiscRecording
0x0000000002943000 	/usr/lib/libcsfde.dylib
0x0000000002943000 	/usr/lib/libcurl.4.dylib
0x0000000002943000 	/System/Library/PrivateFrameworks/MediaKit.framework/Versions/A/MediaKit
0x0000000002943000 	/System/Library/PrivateFrameworks/ProtectedCloudStorage.framework/Versions/A/ProtectedCloudStorage
0x0000000002943000 	/usr/lib/libCoreStorage.dylib
0x0000000002943000 	/System/Library/PrivateFrameworks/EFILogin.framework/Versions/A/EFILogin
0x0000000002943000 	/usr/lib/libutil.dylib
0x0000000002943000 	/System/Library/PrivateFrameworks/FindMyDevice.framework/Versions/A/FindMyDevice
0x0000000002943000 	/System/Library/Frameworks/LDAP.framework/Versions/A/LDAP
0x0000000002943000 	/usr/lib/libsasl2.2.dylib
0x0000000002943000 	/System/Library/PrivateFrameworks/CoreDaemon.framework/Versions/B/CoreDaemon
0x0000000002943000 	/usr/lib/libcrypto.0.9.8.dylib
0x0000000002943000 	/System/Library/PrivateFrameworks/AppleSRP.framework/Versions/A/AppleSRP
0x0000000002943000 	/System/Library/PrivateFrameworks/TrustEvaluationAgent.framework/Versions/A/TrustEvaluationAgent
0x00000001279cf000 	/Library/Java/JavaVirtualMachines/jdk1.8.0_20.jdk/Contents/Home/jre/lib/libglass.dylib
0x0000000002943000 	/System/Library/PrivateFrameworks/CoreServicesInternal.framework/Versions/A/CoreServicesInternal
0x0000000002943000 	/System/Library/PrivateFrameworks/CloudDocs.framework/Versions/A/CloudDocs
0x0000000002943000 	/System/Library/PrivateFrameworks/CoreDuet.framework/Versions/A/CoreDuet
0x0000000002943000 	/System/Library/Frameworks/CloudKit.framework/Versions/A/CloudKit
0x0000000002943000 	/System/Library/PrivateFrameworks/ProtocolBuffer.framework/Versions/A/ProtocolBuffer
0x0000000002943000 	/System/Library/PrivateFrameworks/CoreDuetDaemonProtocol.framework/Versions/A/CoreDuetDaemonProtocol
0x0000000002943000 	/System/Library/PrivateFrameworks/CoreDuetDebugLogging.framework/Versions/A/CoreDuetDebugLogging
0x0000000002943000 	/System/Library/Frameworks/CoreLocation.framework/Versions/A/CoreLocation
0x0000000002943000 	/System/Library/Frameworks/Accounts.framework/Versions/A/Accounts
0x0000000002943000 	/System/Library/PrivateFrameworks/ApplePushService.framework/Versions/A/ApplePushService
0x0000000002943000 	/System/Library/PrivateFrameworks/GeoServices.framework/Versions/A/GeoServices
0x0000000002943000 	/System/Library/PrivateFrameworks/OAuth.framework/Versions/A/OAuth
0x0000000002943000 	/System/Library/Frameworks/CoreGraphics.framework/Versions/A/Resources/libCGCMS.A.dylib
0x0000000002943000 	/System/Library/CoreServices/RawCamera.bundle/Contents/MacOS/RawCamera
0x0000000002943000 	/System/Library/Frameworks/CoreGraphics.framework/Versions/A/Resources/libRIP.A.dylib
0x0000000002943000 	/System/Library/PrivateFrameworks/FamilyControls.framework/Versions/A/FamilyControls
0x0000000002943000 	/System/Library/PrivateFrameworks/CommerceKit.framework/Versions/A/Frameworks/CommerceCore.framework/Versions/A/CommerceCore
0x0000000002943000 	/System/Library/PrivateFrameworks/SystemAdministration.framework/Versions/A/SystemAdministration
0x0000000002943000 	/System/Library/PrivateFrameworks/AppContainer.framework/Versions/A/AppContainer
0x0000000002943000 	/System/Library/PrivateFrameworks/SecCodeWrapper.framework/Versions/A/SecCodeWrapper
0x0000000002943000 	/System/Library/Frameworks/DirectoryService.framework/Versions/A/DirectoryService
0x0000000002943000 	/System/Library/PrivateFrameworks/LoginUIKit.framework/Versions/A/Frameworks/LoginUICore.framework/Versions/A/LoginUICore
0x0000000002943000 	/usr/lib/libodfde.dylib
0x000000012b0fa000 	/Library/Java/JavaVirtualMachines/jdk1.8.0_20.jdk/Contents/Home/jre/lib/libjavafx_font.dylib
0x0000000002943000 	/System/Library/Frameworks/CoreGraphics.framework/Versions/A/Resources/libCGXType.A.dylib
0x000000012ceeb000 	/Library/Java/JavaVirtualMachines/jdk1.8.0_20.jdk/Contents/Home/jre/lib/libjavafx_iio.dylib
0x00000001290b4000 	cl_kernels
0x000000012fd6a000 	/System/Library/Frameworks/OpenCL.framework/Versions/A/Libraries/ImageFormats/unorm8_bgra.dylib
0x0000000129119000 	/Library/Java/JavaVirtualMachines/jdk1.8.0_20.jdk/Contents/Home/jre/lib/libprism_common.dylib
0x00000001290bc000 	cl_kernels

VM Arguments:
jvm_args: -Didea.launcher.port=7533 -Didea.launcher.bin.path=/Applications/IntelliJ IDEA 13 CE.app/Contents/bin -Dfile.encoding=ISO-8859-1 
java_command: com.intellij.rt.execution.application.AppMain gpi.MainApp
java_class_path (initial): /Library/Java/JavaVirtualMachines/jdk1.8.0_20.jdk/Contents/Home/lib/ant-javafx.jar:/Library/Java/JavaVirtualMachines/jdk1.8.0_20.jdk/Contents/Home/lib/dt.jar:/Library/Java/JavaVirtualMachines/jdk1.8.0_20.jdk/Contents/Home/lib/javafx-mx.jar:/Library/Java/JavaVirtualMachines/jdk1.8.0_20.jdk/Contents/Home/lib/jconsole.jar:/Library/Java/JavaVirtualMachines/jdk1.8.0_20.jdk/Contents/Home/lib/sa-jdi.jar:/Library/Java/JavaVirtualMachines/jdk1.8.0_20.jdk/Contents/Home/lib/tools.jar:/Library/Java/JavaVirtualMachines/jdk1.8.0_20.jdk/Contents/Home/jre/lib/charsets.jar:/Library/Java/JavaVirtualMachines/jdk1.8.0_20.jdk/Contents/Home/jre/lib/deploy.jar:/Library/Java/JavaVirtualMachines/jdk1.8.0_20.jdk/Contents/Home/jre/lib/javaws.jar:/Library/Java/JavaVirtualMachines/jdk1.8.0_20.jdk/Contents/Home/jre/lib/jce.jar:/Library/Java/JavaVirtualMachines/jdk1.8.0_20.jdk/Contents/Home/jre/lib/jfr.jar:/Library/Java/JavaVirtualMachines/jdk1.8.0_20.jdk/Contents/Home/jre/lib/jfxswt.jar:/Library/Java/JavaVirtualMachines/jdk1.8.0_20.jdk/Contents/Home/jre/lib/jsse.jar:/Library/Java/JavaVirtualMachines/jdk1.8.0_20.jdk/Contents/Home/jre/lib/management-agent.jar:/Library/Java/JavaVirtualMachines/jdk1.8.0_20.jdk/Contents/Home/jre/lib/plugin.jar:/Library/Java/JavaVirtualMachines/jdk1.8.0_20.jdk/Contents/Home/jre/lib/resources.jar:/Library/Java/JavaVirtualMachines/jdk1.8.0_20.jdk/Contents/Home/jre/lib/rt.jar:/Library/Java/JavaVirtualMachines/jdk1.8.0_20.jdk/Contents/Home/jre/lib/ext/cldrdata.jar:/Library/Java/JavaVirtualMachines/jdk1.8.0_20.jdk/Contents/Home/jre/lib/ext/dnsns.jar:/Library/Java/JavaVirtualMachines/jdk1.8.0_20.jdk/Contents/Home/jre/lib/ext/jfxrt.jar:/Library/Java/JavaVirtualMachines/jdk1.8.0_20.jdk/Contents/Home/jre/lib/ext/localedata.jar:/Library/Java/JavaVirtualMachines/jdk1.8.0_20.jdk/Contents/Home/jre/lib/ext/nashorn.jar:/Library/Java/JavaVirtualMachines/jdk1.8.0_20.jdk/Contents/Home/jre/lib/ext/sunec.jar:/Library/Java/JavaVirtualMachines/jdk1.8.0_20.jdk/C
Launcher Type: SUN_STANDARD

Environment Variables:
PATH=/opt/local/bin:/opt/local/sbin:/opt/local/bin:/opt/local/sbin:/usr/local/bin:/usr/bin:/bin:/usr/sbin:/sbin:/opt/X11/bin:/usr/local/MacGPG2/bin
SHELL=/bin/bash
DISPLAY=/private/tmp/com.apple.launchd.sLVlzYQQNf/org.macosforge.xquartz:0

Signal Handlers:
SIGSEGV: [libjvm.dylib+0x578fd7], sa_mask[0]=11111111011111110111111111111111, sa_flags=SA_ONSTACK|SA_RESTART|SA_SIGINFO
SIGBUS: [libjvm.dylib+0x578fd7], sa_mask[0]=11111111011111110111111111111111, sa_flags=SA_RESTART|SA_SIGINFO
SIGFPE: [libjvm.dylib+0x45ab0c], sa_mask[0]=11111111011111110111111111111111, sa_flags=SA_RESTART|SA_SIGINFO
SIGPIPE: [libjvm.dylib+0x45ab0c], sa_mask[0]=11111111011111110111111111111111, sa_flags=SA_RESTART|SA_SIGINFO
SIGXFSZ: [libjvm.dylib+0x45ab0c], sa_mask[0]=11111111011111110111111111111111, sa_flags=SA_RESTART|SA_SIGINFO
SIGILL: [libjvm.dylib+0x45ab0c], sa_mask[0]=11111111011111110111111111111111, sa_flags=SA_RESTART|SA_SIGINFO
SIGUSR1: SIG_DFL, sa_mask[0]=00000000000000000000000000000000, sa_flags=none
SIGUSR2: [libjvm.dylib+0x45a62a], sa_mask[0]=00100000000000000000000000000000, sa_flags=SA_RESTART|SA_SIGINFO
SIGHUP: [libjvm.dylib+0x458bfd], sa_mask[0]=11111111011111110111111111111111, sa_flags=SA_RESTART|SA_SIGINFO
SIGINT: [libjvm.dylib+0x458bfd], sa_mask[0]=11111111011111110111111111111111, sa_flags=SA_RESTART|SA_SIGINFO
SIGTERM: [libjvm.dylib+0x458bfd], sa_mask[0]=11111111011111110111111111111111, sa_flags=SA_RESTART|SA_SIGINFO
SIGQUIT: [libjvm.dylib+0x458bfd], sa_mask[0]=11111111011111110111111111111111, sa_flags=SA_RESTART|SA_SIGINFO


---------------  S Y S T E M  ---------------

OS:Bsduname:Darwin 14.0.0 Darwin Kernel Version 14.0.0: Fri Sep 19 00:26:44 PDT 2014; root:xnu-2782.1.97~2/RELEASE_X86_64 x86_64
rlimit: STACK 8192k, CORE 0k, NPROC 709, NOFILE 10240, AS infinity
load average:4.45 3.12 2.45

CPU:total 4 (2 cores per cpu, 2 threads per core) family 6 model 69 stepping 1, cmov, cx8, fxsr, mmx, sse, sse2, sse3, ssse3, sse4.1, sse4.2, popcnt, avx, avx2, aes, clmul, erms, lzcnt, ht, tsc, tscinvbit, bmi1, bmi2

Memory: 4k page, physical 4194304k(145952k free)

/proc/meminfo:


vm_info: Java HotSpot(TM) 64-Bit Server VM (25.20-b23) for bsd-amd64 JRE (1.8.0_20-b26), built on Jul 30 2014 13:37:47 by "java_re" with gcc 4.2.1 (Based on Apple Inc. build 5658) (LLVM build 2336.9.00)

time: Sun Dec 14 19:09:20 2014
elapsed time: 253 seconds (0d 0h 4m 13s)

